# JRE version: OpenJDK Runtime Environment Temurin-17.0.6+10 (17.0.6+10) (build 17.0.6+10)
# Java VM: OpenJDK 64-Bit Server VM Temurin-17.0.6+10 (17.0.6+10, mixed mode, tiered, compressed oops, compressed class ptrs, g1 gc, windows-amd64)
GC Precious Log:
 CPUs: 4 total, 4 available
 Memory: 16270M
 Large Page Support: Disabled
 NUMA Support: Disabled
 Compressed Oops: Enabled (Zero based)
 Heap Region Size: 2M
 Heap Min Capacity: 8M
 Heap Initial Capacity: 256M
 Heap Max Capacity: 4068M
 Pre-touch: Disabled
 Parallel Workers: 4
 Concurrent Workers: 1
 Concurrent Refinement Workers: 4
 Periodic GC: Disabled
Heap:
 garbage-first heap   total 69632K, used 29262K [0x0000000701c00000, 0x0000000800000000)
  region size 2048K, 7 young (14336K), 2 survivors (4096K)
 Metaspace       used 55050K, committed 55360K, reserved 1097728K
  class space    used 7142K, committed 7296K, reserved 1048576K
GC Heap History (20 events):
Event: 1.008 GC heap before
{Heap before GC invocations=0 (full 0):
 garbage-first heap   total 262144K, used 12288K [0x0000000701c00000, 0x0000000800000000)
  region size 2048K, 6 young (12288K), 0 survivors (0K)
 Metaspace       used 8653K, committed 8768K, reserved 1056768K
  class space    used 830K, committed 896K, reserved 1048576K
}
Event: 1.059 GC heap after
{Heap after GC invocations=1 (full 0):
 garbage-first heap   total 262144K, used 5642K [0x0000000701c00000, 0x0000000800000000)
  region size 2048K, 1 young (2048K), 1 survivors (2048K)
 Metaspace       used 8653K, committed 8768K, reserved 1056768K
  class space    used 830K, committed 896K, reserved 1048576K
}
Event: 1.511 GC heap before
{Heap before GC invocations=1 (full 0):
 garbage-first heap   total 262144K, used 13834K [0x0000000701c00000, 0x0000000800000000)
  region size 2048K, 6 young (12288K), 1 survivors (2048K)
 Metaspace       used 11557K, committed 11712K, reserved 1064960K
  class space    used 1213K, committed 1280K, reserved 1048576K
}
Event: 1.512 GC heap after
{Heap after GC invocations=2 (full 0):
 garbage-first heap   total 262144K, used 6461K [0x0000000701c00000, 0x0000000800000000)
  region size 2048K, 1 young (2048K), 1 survivors (2048K)
 Metaspace       used 11557K, committed 11712K, reserved 1064960K
  class space    used 1213K, committed 1280K, reserved 1048576K
}
Event: 1.927 GC heap before
{Heap before GC invocations=2 (full 0):
 garbage-first heap   total 262144K, used 31037K [0x0000000701c00000, 0x0000000800000000)
  region size 2048K, 13 young (26624K), 1 survivors (2048K)
 Metaspace       used 18106K, committed 18304K, reserved 1073152K
  class space    used 2037K, committed 2112K, reserved 1048576K
}
Event: 1.929 GC heap after
{Heap after GC invocations=3 (full 0):
 garbage-first heap   total 262144K, used 7993K [0x0000000701c00000, 0x0000000800000000)
  region size 2048K, 2 young (4096K), 2 survivors (4096K)
 Metaspace       used 18106K, committed 18304K, reserved 1073152K
  class space    used 2037K, committed 2112K, reserved 1048576K
}
Event: 2.080 GC heap before
{Heap before GC invocations=3 (full 0):
 garbage-first heap   total 262144K, used 22329K [0x0000000701c00000, 0x0000000800000000)
  region size 2048K, 10 young (20480K), 2 survivors (4096K)
 Metaspace       used 21385K, committed 21504K, reserved 1073152K
  class space    used 2450K, committed 2496K, reserved 1048576K
}
Event: 2.082 GC heap after
{Heap after GC invocations=4 (full 0):
 garbage-first heap   total 262144K, used 8576K [0x0000000701c00000, 0x0000000800000000)
  region size 2048K, 2 young (4096K), 2 survivors (4096K)
 Metaspace       used 21385K, committed 21504K, reserved 1073152K
  class space    used 2450K, committed 2496K, reserved 1048576K
}
Event: 2.475 GC heap before
{Heap before GC invocations=5 (full 0):
 garbage-first heap   total 40960K, used 27008K [0x0000000701c00000, 0x0000000800000000)
  region size 2048K, 12 young (24576K), 2 survivors (4096K)
 Metaspace       used 23859K, committed 24064K, reserved 1073152K
  class space    used 2755K, committed 2880K, reserved 1048576K
}
Event: 2.479 GC heap after
{Heap after GC invocations=6 (full 0):
 garbage-first heap   total 40960K, used 10100K [0x0000000701c00000, 0x0000000800000000)
  region size 2048K, 2 young (4096K), 2 survivors (4096K)
 Metaspace       used 23859K, committed 24064K, reserved 1073152K
  class space    used 2755K, committed 2880K, reserved 1048576K
}
Event: 2.518 GC heap before
{Heap before GC invocations=6 (full 0):
 garbage-first heap   total 40960K, used 12148K [0x0000000701c00000, 0x0000000800000000)
  region size 2048K, 3 young (6144K), 2 survivors (4096K)
 Metaspace       used 24069K, committed 24256K, reserved 1073152K
  class space    used 2781K, committed 2880K, reserved 1048576K
}
Event: 2.521 GC heap after
{Heap after GC invocations=7 (full 0):
 garbage-first heap   total 40960K, used 10307K [0x0000000701c00000, 0x0000000800000000)
  region size 2048K, 1 young (2048K), 1 survivors (2048K)
 Metaspace       used 24069K, committed 24256K, reserved 1073152K
  class space    used 2781K, committed 2880K, reserved 1048576K
}
Event: 2.765 GC heap before
{Heap before GC invocations=7 (full 0):
 garbage-first heap   total 40960K, used 24643K [0x0000000701c00000, 0x0000000800000000)
  region size 2048K, 8 young (16384K), 1 survivors (2048K)
 Metaspace       used 25359K, committed 25600K, reserved 1073152K
  class space    used 2937K, committed 3072K, reserved 1048576K
}
Event: 2.767 GC heap after
{Heap after GC invocations=8 (full 0):
 garbage-first heap   total 151552K, used 10890K [0x0000000701c00000, 0x0000000800000000)
  region size 2048K, 1 young (2048K), 1 survivors (2048K)
 Metaspace       used 25359K, committed 25600K, reserved 1073152K
  class space    used 2937K, committed 3072K, reserved 1048576K
}
Event: 4.225 GC heap before
{Heap before GC invocations=8 (full 0):
 garbage-first heap   total 151552K, used 78474K [0x0000000701c00000, 0x0000000800000000)
  region size 2048K, 35 young (71680K), 1 survivors (2048K)
 Metaspace       used 35794K, committed 36096K, reserved 1081344K
  class space    used 4343K, committed 4480K, reserved 1048576K
}
Event: 4.231 GC heap after
{Heap after GC invocations=9 (full 0):
 garbage-first heap   total 151552K, used 16213K [0x0000000701c00000, 0x0000000800000000)
  region size 2048K, 4 young (8192K), 4 survivors (8192K)
 Metaspace       used 35794K, committed 36096K, reserved 1081344K
  class space    used 4343K, committed 4480K, reserved 1048576K
}
Event: 5.137 GC heap before
{Heap before GC invocations=10 (full 0):
 garbage-first heap   total 69632K, used 48981K [0x0000000701c00000, 0x0000000800000000)
  region size 2048K, 20 young (40960K), 4 survivors (8192K)
 Metaspace       used 46999K, committed 47360K, reserved 1097728K
  class space    used 5922K, committed 6080K, reserved 1048576K
}
Event: 5.143 GC heap after
{Heap after GC invocations=11 (full 0):
 garbage-first heap   total 69632K, used 19100K [0x0000000701c00000, 0x0000000800000000)
  region size 2048K, 2 young (4096K), 2 survivors (4096K)
 Metaspace       used 46999K, committed 47360K, reserved 1097728K
  class space    used 5922K, committed 6080K, reserved 1048576K
}
Event: 5.720 GC heap before
{Heap before GC invocations=11 (full 0):
 garbage-first heap   total 69632K, used 47772K [0x0000000701c00000, 0x0000000800000000)
  region size 2048K, 16 young (32768K), 2 survivors (4096K)
 Metaspace       used 53184K, committed 53504K, reserved 1097728K
  class space    used 6773K, committed 6912K, reserved 1048576K
}
Event: 5.724 GC heap after
{Heap after GC invocations=12 (full 0):
 garbage-first heap   total 69632K, used 21070K [0x0000000701c00000, 0x0000000800000000)
  region size 2048K, 2 young (4096K), 2 survivors (4096K)
 Metaspace       used 53184K, committed 53504K, reserved 1097728K
  class space    used 6773K, committed 6912K, reserved 1048576K
}

