# JRE version: OpenJDK Runtime Environment Temurin-17.0.6+10 (17.0.6+10) (build 17.0.6+10)
# Java VM: OpenJDK 64-Bit Server VM Temurin-17.0.6+10 (17.0.6+10, mixed mode, tiered, compressed oops, compressed class ptrs, g1 gc, windows-amd64)
GC Precious Log:
 CPUs: 4 total, 4 available
 Memory: 16270M
 Large Page Support: Disabled
 NUMA Support: Disabled
 Compressed Oops: Enabled (Zero based)
 Heap Region Size: 2M
 Heap Min Capacity: 8M
 Heap Initial Capacity: 256M
 Heap Max Capacity: 4068M
 Pre-touch: Disabled
 Parallel Workers: 4
 Concurrent Workers: 1
 Concurrent Refinement Workers: 4
 Periodic GC: Disabled
Heap:
 garbage-first heap   total 40960K, used 16041K [0x0000000701c00000, 0x0000000800000000)
  region size 2048K, 3 young (6144K), 2 survivors (4096K)
 Metaspace       used 35264K, committed 35584K, reserved 1081344K
  class space    used 4401K, committed 4544K, reserved 1048576K
GC Heap History (20 events):
Event: 0.465 GC heap before
{Heap before GC invocations=0 (full 0):
 garbage-first heap   total 262144K, used 10240K [0x0000000701c00000, 0x0000000800000000)
  region size 2048K, 6 young (12288K), 0 survivors (0K)
 Metaspace       used 8544K, committed 8576K, reserved 1056768K
  class space    used 822K, committed 832K, reserved 1048576K
}
Event: 0.467 GC heap after
{Heap after GC invocations=1 (full 0):
 garbage-first heap   total 262144K, used 6027K [0x0000000701c00000, 0x0000000800000000)
  region size 2048K, 1 young (2048K), 1 survivors (2048K)
 Metaspace       used 8544K, committed 8576K, reserved 1056768K
  class space    used 822K, committed 832K, reserved 1048576K
}
Event: 0.773 GC heap before
{Heap before GC invocations=1 (full 0):
 garbage-first heap   total 262144K, used 14219K [0x0000000701c00000, 0x0000000800000000)
  region size 2048K, 6 young (12288K), 1 survivors (2048K)
 Metaspace       used 11251K, committed 11392K, reserved 1064960K
  class space    used 1165K, committed 1216K, reserved 1048576K
}
Event: 0.774 GC heap after
{Heap after GC invocations=2 (full 0):
 garbage-first heap   total 262144K, used 6701K [0x0000000701c00000, 0x0000000800000000)
  region size 2048K, 1 young (2048K), 1 survivors (2048K)
 Metaspace       used 11251K, committed 11392K, reserved 1064960K
  class space    used 1165K, committed 1216K, reserved 1048576K
}
Event: 1.282 GC heap before
{Heap before GC invocations=2 (full 0):
 garbage-first heap   total 262144K, used 29229K [0x0000000701c00000, 0x0000000800000000)
  region size 2048K, 12 young (24576K), 1 survivors (2048K)
 Metaspace       used 17404K, committed 17664K, reserved 1064960K
  class space    used 1995K, committed 2112K, reserved 1048576K
}
Event: 1.284 GC heap after
{Heap after GC invocations=3 (full 0):
 garbage-first heap   total 262144K, used 8149K [0x0000000701c00000, 0x0000000800000000)
  region size 2048K, 1 young (2048K), 1 survivors (2048K)
 Metaspace       used 17404K, committed 17664K, reserved 1064960K
  class space    used 1995K, committed 2112K, reserved 1048576K
}
Event: 1.557 GC heap before
{Heap before GC invocations=3 (full 0):
 garbage-first heap   total 262144K, used 26581K [0x0000000701c00000, 0x0000000800000000)
  region size 2048K, 11 young (22528K), 1 survivors (2048K)
 Metaspace       used 21326K, committed 21504K, reserved 1073152K
  class space    used 2598K, committed 2688K, reserved 1048576K
}
Event: 1.560 GC heap after
{Heap after GC invocations=4 (full 0):
 garbage-first heap   total 262144K, used 9371K [0x0000000701c00000, 0x0000000800000000)
  region size 2048K, 2 young (4096K), 2 survivors (4096K)
 Metaspace       used 21326K, committed 21504K, reserved 1073152K
  class space    used 2598K, committed 2688K, reserved 1048576K
}
Event: 1.795 GC heap before
{Heap before GC invocations=5 (full 0):
 garbage-first heap   total 40960K, used 29851K [0x0000000701c00000, 0x0000000800000000)
  region size 2048K, 13 young (26624K), 2 survivors (4096K)
 Metaspace       used 25372K, committed 25536K, reserved 1073152K
  class space    used 3025K, committed 3072K, reserved 1048576K
}
Event: 1.799 GC heap after
{Heap after GC invocations=6 (full 0):
 garbage-first heap   total 40960K, used 10615K [0x0000000701c00000, 0x0000000800000000)
  region size 2048K, 3 young (6144K), 3 survivors (6144K)
 Metaspace       used 25372K, committed 25536K, reserved 1073152K
  class space    used 3025K, committed 3072K, reserved 1048576K
}
Event: 1.976 GC heap before
{Heap before GC invocations=6 (full 0):
 garbage-first heap   total 40960K, used 24951K [0x0000000701c00000, 0x0000000800000000)
  region size 2048K, 10 young (20480K), 3 survivors (6144K)
 Metaspace       used 27155K, committed 27456K, reserved 1073152K
  class space    used 3260K, committed 3392K, reserved 1048576K
}
Event: 1.982 GC heap after
{Heap after GC invocations=7 (full 0):
 garbage-first heap   total 40960K, used 11634K [0x0000000701c00000, 0x0000000800000000)
  region size 2048K, 2 young (4096K), 2 survivors (4096K)
 Metaspace       used 27155K, committed 27456K, reserved 1073152K
  class space    used 3260K, committed 3392K, reserved 1048576K
}
Event: 2.235 GC heap before
{Heap before GC invocations=7 (full 0):
 garbage-first heap   total 40960K, used 23922K [0x0000000701c00000, 0x0000000800000000)
  region size 2048K, 9 young (18432K), 2 survivors (4096K)
 Metaspace       used 28519K, committed 28800K, reserved 1081344K
  class space    used 3432K, committed 3584K, reserved 1048576K
}
Event: 2.238 GC heap after
{Heap after GC invocations=8 (full 0):
 garbage-first heap   total 40960K, used 11988K [0x0000000701c00000, 0x0000000800000000)
  region size 2048K, 2 young (4096K), 2 survivors (4096K)
 Metaspace       used 28519K, committed 28800K, reserved 1081344K
  class space    used 3432K, committed 3584K, reserved 1048576K
}
Event: 2.614 GC heap before
{Heap before GC invocations=8 (full 0):
 garbage-first heap   total 40960K, used 28372K [0x0000000701c00000, 0x0000000800000000)
  region size 2048K, 10 young (20480K), 2 survivors (4096K)
 Metaspace       used 30267K, committed 30528K, reserved 1081344K
  class space    used 3668K, committed 3776K, reserved 1048576K
}
Event: 2.616 GC heap after
{Heap after GC invocations=9 (full 0):
 garbage-first heap   total 40960K, used 13122K [0x0000000701c00000, 0x0000000800000000)
  region size 2048K, 2 young (4096K), 2 survivors (4096K)
 Metaspace       used 30267K, committed 30528K, reserved 1081344K
  class space    used 3668K, committed 3776K, reserved 1048576K
}
Event: 2.886 GC heap before
{Heap before GC invocations=9 (full 0):
 garbage-first heap   total 40960K, used 27458K [0x0000000701c00000, 0x0000000800000000)
  region size 2048K, 9 young (18432K), 2 survivors (4096K)
 Metaspace       used 32410K, committed 32704K, reserved 1081344K
  class space    used 3971K, committed 4096K, reserved 1048576K
}
Event: 2.889 GC heap after
{Heap after GC invocations=10 (full 0):
 garbage-first heap   total 40960K, used 14331K [0x0000000701c00000, 0x0000000800000000)
  region size 2048K, 2 young (4096K), 2 survivors (4096K)
 Metaspace       used 32410K, committed 32704K, reserved 1081344K
  class space    used 3971K, committed 4096K, reserved 1048576K
}
Event: 3.198 GC heap before
{Heap before GC invocations=10 (full 0):
 garbage-first heap   total 40960K, used 28667K [0x0000000701c00000, 0x0000000800000000)
  region size 2048K, 9 young (18432K), 2 survivors (4096K)
 Metaspace       used 35253K, committed 35520K, reserved 1081344K
  class space    used 4401K, committed 4544K, reserved 1048576K
}
Event: 3.201 GC heap after
{Heap after GC invocations=11 (full 0):
 garbage-first heap   total 40960K, used 16041K [0x0000000701c00000, 0x0000000800000000)
  region size 2048K, 2 young (4096K), 2 survivors (4096K)
 Metaspace       used 35253K, committed 35520K, reserved 1081344K
  class space    used 4401K, committed 4544K, reserved 1048576K
}

